[    0.000000] Linux version 4.15.0-212-generic (buildd@lcy02-amd64-083) (gcc version 7.5.0 (Ubuntu 7.5.0-3ubuntu1~18.04)) #223-Ubuntu SMP Tue May 23 13:09:22 UTC 2023 (Ubuntu 4.15.0-212.223-generic 4.15.18)
[    0.000000] Command line: BOOT_IMAGE=/boot/vmlinuz-4.15.0-212-generic root=LABEL=cloudimg-rootfs ro console=tty1 console=ttyS0
[    0.000000] KERNEL supported cpus:
[    0.000000]   Intel GenuineIntel
[    0.000000]   AMD AuthenticAMD
[    0.000000]   Centaur CentaurHauls
[    0.000000] x86/fpu: x87 FPU will use FXSAVE
[    0.000000] e820: BIOS-provided physical RAM map:
[    0.000000] BIOS-e820: [mem 0x0000000000000000-0x000000000009fbff] usable
[    0.000000] BIOS-e820: [mem 0x000000000009fc00-0x000000000009ffff] reserved
[    0.000000] BIOS-e820: [mem 0x00000000000f0000-0x00000000000fffff] reserved
[    0.000000] BIOS-e820: [mem 0x0000000000100000-0x000000003ffeffff] usable
[    0.000000] BIOS-e820: [mem 0x000000003fff0000-0x000000003fffffff] ACPI data
[    0.000000] BIOS-e820: [mem 0x00000000fec00000-0x00000000fec00fff] reserved
[    0.000000] BIOS-e820: [mem 0x00000000fee00000-0x00000000fee00fff] reserved
[    0.000000] BIOS-e820: [mem 0x00000000fffc0000-0x00000000ffffffff] reserved
[    0.000000] NX (Execute Disable) protection: active
[    0.000000] SMBIOS 2.5 present.
[    0.000000] DMI: innotek GmbH VirtualBox/VirtualBox, BIOS VirtualBox 12/01/2006
[    0.000000] Hypervisor detected: KVM
[    0.000000] e820: last_pfn = 0x3fff0 max_arch_pfn = 0x400000000
[    0.000000] MTRR: Disabled
[    0.000000] x86/PAT: MTRRs disabled, skipping PAT initialization too.
[    0.000000] CPU MTRRs all blank - virtualized system.
[    0.000000] x86/PAT: Configuration [0-7]: WB  WT  UC- UC  WB  WT  UC- UC  
[    0.000000] found SMP MP-table at [mem 0x0009fff0-0x0009ffff]
[    0.000000] Scanning 1 areas for low memory corruption
[    0.000000] RAMDISK: [mem 0x359cb000-0x36cdcfff]
[    0.000000] ACPI: Early table checksum verification disabled
[    0.000000] ACPI: RSDP 0x00000000000E0000 000024 (v02 VBOX  )
[    0.000000] ACPI: XSDT 0x000000003FFF0030 00003C (v01 VBOX   VBOXXSDT 00000001 ASL  00000061)
[    0.000000] ACPI: FACP 0x000000003FFF00F0 0000F4 (v04 VBOX   VBOXFACP 00000001 ASL  00000061)
[    0.000000] ACPI: DSDT 0x000000003FFF0610 002353 (v02 VBOX   VBOXBIOS 00000002 INTL 20100528)
[    0.000000] ACPI: FACS 0x000000003FFF0200 000040
[    0.000000] ACPI: FACS 0x000000003FFF0200 000040
[    0.000000] ACPI: APIC 0x000000003FFF0240 00005C (v02 VBOX   VBOXAPIC 00000001 ASL  00000061)
[    0.000000] ACPI: SSDT 0x000000003FFF02A0 00036C (v01 VBOX   VBOXCPUT 00000002 INTL 20100528)
[    0.000000] ACPI: Reserving FACP table memory at [mem 0x3fff00f0-0x3fff01e3]
[    0.000000] ACPI: Reserving DSDT table memory at [mem 0x3fff0610-0x3fff2962]
[    0.000000] ACPI: Reserving FACS table memory at [mem 0x3fff0200-0x3fff023f]
[    0.000000] ACPI: Reserving FACS table memory at [mem 0x3fff0200-0x3fff023f]
[    0.000000] ACPI: Reserving APIC table memory at [mem 0x3fff0240-0x3fff029b]
[    0.000000] ACPI: Reserving SSDT table memory at [mem 0x3fff02a0-0x3fff060b]
[    0.000000] No NUMA configuration found
[    0.000000] Faking a node at [mem 0x0000000000000000-0x000000003ffeffff]
[    0.000000] NODE_DATA(0) allocated [mem 0x3ffc5000-0x3ffeffff]
[    0.000000] kvm-clock: cpu 0, msr 0:3ff44001, primary cpu clock
[    0.000000] kvm-clock: Using msrs 4b564d01 and 4b564d00
[    0.000000] kvm-clock: using sched offset of 7235806981 cycles
[    0.000000] clocksource: kvm-clock: mask: 0xffffffffffffffff max_cycles: 0x1cd42e4dffb, max_idle_ns: 881590591483 ns
[    0.000000] Zone ranges:
[    0.000000]   DMA      [mem 0x0000000000001000-0x0000000000ffffff]
[    0.000000]   DMA32    [mem 0x0000000001000000-0x000000003ffeffff]
[    0.000000]   Normal   empty
[    0.000000]   Device   empty
[    0.000000] Movable zone start for each node
[    0.000000] Early memory node ranges
[    0.000000]   node   0: [mem 0x0000000000001000-0x000000000009efff]
[    0.000000]   node   0: [mem 0x0000000000100000-0x000000003ffeffff]
[    0.000000] Reserved but unavailable: 104 pages
[    0.000000] Initmem setup node 0 [mem 0x0000000000001000-0x000000003ffeffff]
[    0.000000] ACPI: PM-Timer IO Port: 0x4008
[    0.000000] IOAPIC[0]: apic_id 2, version 32, address 0xfec00000, GSI 0-23
[    0.000000] ACPI: INT_SRC_OVR (bus 0 bus_irq 0 global_irq 2 dfl dfl)
[    0.000000] ACPI: INT_SRC_OVR (bus 0 bus_irq 9 global_irq 9 low level)
[    0.000000] Using ACPI (MADT) for SMP configuration information
[    0.000000] smpboot: Allowing 2 CPUs, 0 hotplug CPUs
[    0.000000] PM: Registered nosave memory: [mem 0x00000000-0x00000fff]
[    0.000000] PM: Registered nosave memory: [mem 0x0009f000-0x0009ffff]
[    0.000000] PM: Registered nosave memory: [mem 0x000a0000-0x000effff]
[    0.000000] PM: Registered nosave memory: [mem 0x000f0000-0x000fffff]
[    0.000000] e820: [mem 0x40000000-0xfebfffff] available for PCI devices
[    0.000000] Booting paravirtualized kernel on KVM
[    0.000000] clocksource: refined-jiffies: mask: 0xffffffff max_cycles: 0xffffffff, max_idle_ns: 7645519600211568 ns
[    0.000000] setup_percpu: NR_CPUS:8192 nr_cpumask_bits:2 nr_cpu_ids:2 nr_node_ids:1
[    0.000000] percpu: Embedded 50 pages/cpu s167936 r8192 d28672 u1048576
[    0.000000] PV qspinlock hash table entries: 256 (order: 0, 4096 bytes)
[    0.000000] Built 1 zonelists, mobility grouping on.  Total pages: 257913
[    0.000000] Policy zone: DMA32
[    0.000000] Kernel command line: BOOT_IMAGE=/boot/vmlinuz-4.15.0-212-generic root=LABEL=cloudimg-rootfs ro console=tty1 console=ttyS0
[    0.000000] Memory: 982644K/1048120K available (12300K kernel code, 2477K rwdata, 4324K rodata, 2480K init, 2720K bss, 65476K reserved, 0K cma-reserved)
[    0.000000] SLUB: HWalign=64, Order=0-3, MinObjects=0, CPUs=2, Nodes=1
[    0.000000] ftrace: allocating 39508 entries in 155 pages
[    0.004000] Hierarchical RCU implementation.
[    0.004000] 	RCU restricting CPUs from NR_CPUS=8192 to nr_cpu_ids=2.
[    0.004000] 	Tasks RCU enabled.
[    0.004000] RCU: Adjusting geometry for rcu_fanout_leaf=16, nr_cpu_ids=2
[    0.004000] NR_IRQS: 524544, nr_irqs: 440, preallocated irqs: 16
[    0.004000] random: crng init done
[    0.004000] Console: colour VGA+ 80x25
[    0.004000] console [tty1] enabled
[    0.004000] console [ttyS0] enabled
[    0.004000] ACPI: Core revision 20170831
[    0.004000] ACPI: 2 ACPI AML tables successfully acquired and loaded
[    0.004000] APIC: Switch to symmetric I/O mode setup
[    0.008000] ..TIMER: vector=0x30 apic1=0 pin1=2 apic2=-1 pin2=-1
[    0.008016] tsc: Detected 3110.400 MHz processor
[    0.012016] Calibrating delay loop (skipped) preset value.. 6220.80 BogoMIPS (lpj=12441600)
[    0.016012] pid_max: default: 32768 minimum: 301
[    0.024164] Security Framework initialized
[    0.028014] Yama: becoming mindful.
[    0.032372] AppArmor: AppArmor initialized
[    0.058776] Dentry cache hash table entries: 131072 (order: 8, 1048576 bytes)
[    0.072765] Inode-cache hash table entries: 65536 (order: 7, 524288 bytes)
[    0.076296] Mount-cache hash table entries: 2048 (order: 2, 16384 bytes)
[    0.080307] Mountpoint-cache hash table entries: 2048 (order: 2, 16384 bytes)
[    0.094665] Last level iTLB entries: 4KB 0, 2MB 0, 4MB 0
[    0.096014] Last level dTLB entries: 4KB 0, 2MB 0, 4MB 0, 1GB 0
[    0.104016] Spectre V1 : Mitigation: usercopy/swapgs barriers and __user pointer sanitization
[    0.108016] Spectre V2 : Mitigation: Enhanced IBRS
[    0.116010] Spectre V2 : Spectre v2 / SpectreRSB mitigation: Filling RSB on context switch
[    0.120014] Spectre V2 : Spectre v2 / PBRSB-eIBRS: Retire a single CALL on VMEXIT
[    0.124015] RETBleed: Mitigation: Enhanced IBRS
[    0.128013] Speculative Store Bypass: Vulnerable
[    0.132502] Freeing SMP alternatives memory: 36K
[    0.258840] APIC calibration not consistent with PM-Timer: 102ms instead of 100ms
[    0.260000] APIC delta adjusted to PM-Timer: 6284083 (6434535)
[    0.261436] smpboot: CPU0: 12th Gen Intel(R) Core(TM) i5-12500H (family: 0x6, model: 0x9a, stepping: 0x3)
[    0.268954] Performance Events: unsupported p6 CPU model 154 no PMU driver, software events only.
[    0.276479] Hierarchical SRCU implementation.
[    0.284271] NMI watchdog: Perf event create on CPU 0 failed with -2
[    0.288010] NMI watchdog: Perf NMI watchdog permanently disabled
[    0.293537] smp: Bringing up secondary CPUs ...
[    0.302367] x86: Booting SMP configuration:
[    0.304014] .... node  #0, CPUs:      #1
[    0.004000] kvm-clock: cpu 1, msr 0:3ff44041, secondary cpu clock
[    0.347920] TSC synchronization [CPU#0 -> CPU#1]:
[    0.348000] Measured 57578 cycles TSC warp between CPUs, turning off TSC clock.
[    0.348000] tsc: Marking TSC unstable due to check_tsc_sync_source failed
[    0.356023] smp: Brought up 1 node, 2 CPUs
[    0.360022] smpboot: Max logical packages: 1
[    0.364019] smpboot: Total of 2 processors activated (12441.60 BogoMIPS)
[    0.380303] devtmpfs: initialized
[    0.384413] x86/mm: Memory block size: 128MB
[    0.392312] evm: security.selinux
[    0.396014] evm: security.SMACK64
[    0.400012] evm: security.SMACK64EXEC
[    0.404015] evm: security.SMACK64TRANSMUTE
[    0.408011] evm: security.SMACK64MMAP
[    0.412172] evm: security.apparmor
[    0.420017] evm: security.ima
[    0.424012] evm: security.capability
[    0.436873] clocksource: jiffies: mask: 0xffffffff max_cycles: 0xffffffff, max_idle_ns: 7645041785100000 ns
[    0.488038] futex hash table entries: 512 (order: 3, 32768 bytes)
[    0.513196] pinctrl core: initialized pinctrl subsystem
[    0.537499] RTC time: 22:54:37, date: 08/07/24
[    0.564000] NET: Registered protocol family 16
[    0.580665] audit: initializing netlink subsys (disabled)
[    0.610106] audit: type=2000 audit(1723071283.986:1): state=initialized audit_enabled=0 res=1
[    0.644053] cpuidle: using governor ladder
[    0.656152] cpuidle: using governor menu
[    0.672133] ACPI: bus type PCI registered
[    0.692018] acpiphp: ACPI Hot Plug PCI Controller Driver version: 0.5
[    0.720825] PCI: Using configuration type 1 for base access
[    0.756667] HugeTLB registered 2.00 MiB page size, pre-allocated 0 pages
[    0.796750] ACPI: Added _OSI(Module Device)
[    0.816020] ACPI: Added _OSI(Processor Device)
[    0.840026] ACPI: Added _OSI(3.0 _SCP Extensions)
[    0.860011] ACPI: Added _OSI(Processor Aggregator Device)
[    0.880038] ACPI: Added _OSI(Linux-Dell-Video)
[    0.900023] ACPI: Added _OSI(Linux-Lenovo-NV-HDMI-Audio)
[    0.924015] ACPI: Added _OSI(Linux-HPI-Hybrid-Graphics)
[    0.948968] ACPI: Executed 1 blocks of module-level executable AML code
[    0.989391] ACPI: Interpreter enabled
[    1.008057] ACPI: (supports S0 S5)
[    1.024013] ACPI: Using IOAPIC for interrupt routing
[    1.048911] PCI: Using host bridge windows from ACPI; if necessary, use "pci=nocrs" and report a bug
[    1.085067] ACPI: Enabled 2 GPEs in block 00 to 07
[    1.148319] ACPI: PCI Root Bridge [PCI0] (domain 0000 [bus 00-ff])
[    1.172023] acpi PNP0A03:00: _OSC: OS supports [ASPM ClockPM Segments MSI]
[    1.202002] acpi PNP0A03:00: _OSC: not requesting OS control; OS requires [ExtendedConfig ASPM ClockPM MSI]
[    1.236046] acpi PNP0A03:00: fail to add MMCONFIG information, can't access extended PCI configuration space under this bridge.
[    1.285097] PCI host bridge to bus 0000:00
[    1.304016] pci_bus 0000:00: root bus resource [io  0x0000-0x0cf7 window]
[    1.328016] pci_bus 0000:00: root bus resource [io  0x0d00-0xffff window]
[    1.356018] pci_bus 0000:00: root bus resource [mem 0x000a0000-0x000bffff window]
[    1.384023] pci_bus 0000:00: root bus resource [mem 0x40000000-0xfdffffff window]
[    1.416018] pci_bus 0000:00: root bus resource [bus 00-ff]
[    1.466702] pci 0000:00:01.1: legacy IDE quirk: reg 0x10: [io  0x01f0-0x01f7]
[    1.492010] pci 0000:00:01.1: legacy IDE quirk: reg 0x14: [io  0x03f6]
[    1.516014] pci 0000:00:01.1: legacy IDE quirk: reg 0x18: [io  0x0170-0x0177]
[    1.544015] pci 0000:00:01.1: legacy IDE quirk: reg 0x1c: [io  0x0376]
[    1.653826] pci 0000:00:07.0: quirk: [io  0x4000-0x403f] claimed by PIIX4 ACPI
[    1.684071] pci 0000:00:07.0: quirk: [io  0x4100-0x410f] claimed by PIIX4 SMB
[    1.751748] ACPI: PCI Interrupt Link [LNKA] (IRQs 5 9 10 *11)
[    1.776696] ACPI: PCI Interrupt Link [LNKB] (IRQs 5 9 *10 11)
[    1.800743] ACPI: PCI Interrupt Link [LNKC] (IRQs 5 *9 10 11)
[    1.825536] ACPI: PCI Interrupt Link [LNKD] (IRQs 5 9 10 *11)
[    1.850400] SCSI subsystem initialized
[    1.868773] pci 0000:00:02.0: vgaarb: setting as boot VGA device
[    1.872000] pci 0000:00:02.0: vgaarb: VGA device added: decodes=io+mem,owns=io+mem,locks=none
[    1.924015] pci 0000:00:02.0: vgaarb: bridge control possible
[    1.944014] vgaarb: loaded
[    1.960279] ACPI: bus type USB registered
[    1.976057] usbcore: registered new interface driver usbfs
[    2.000048] usbcore: registered new interface driver hub
[    2.020214] usbcore: registered new device driver usb
[    2.044801] EDAC MC: Ver: 3.0.0
[    2.068075] PCI: Using ACPI for IRQ routing
[    2.088687] NetLabel: Initializing
[    2.104012] NetLabel:  domain hash size = 128
[    2.120010] NetLabel:  protocols = UNLABELED CIPSOv4 CALIPSO
[    2.144147] NetLabel:  unlabeled traffic allowed by default
[    2.169630] clocksource: Switched to clocksource kvm-clock
[    2.392039] VFS: Disk quotas dquot_6.6.0
[    2.412621] VFS: Dquot-cache hash table entries: 512 (order 0, 4096 bytes)
[    2.442488] AppArmor: AppArmor Filesystem Enabled
[    2.462894] pnp: PnP ACPI init
[    2.483463] pnp: PnP ACPI: found 3 devices
[    2.518469] clocksource: acpi_pm: mask: 0xffffff max_cycles: 0xffffff, max_idle_ns: 2085701024 ns
[    2.553004] NET: Registered protocol family 2
[    2.574180] IP idents hash table entries: 16384 (order: 5, 131072 bytes)
[    2.602150] TCP established hash table entries: 8192 (order: 4, 65536 bytes)
[    2.630332] TCP bind hash table entries: 8192 (order: 5, 131072 bytes)
[    2.658263] TCP: Hash tables configured (established 8192 bind 8192)
[    2.685109] UDP hash table entries: 512 (order: 2, 16384 bytes)
[    2.708226] UDP-Lite hash table entries: 512 (order: 2, 16384 bytes)
[    2.733842] NET: Registered protocol family 1
[    2.750561] pci 0000:00:00.0: Limiting direct PCI/PCI transfers
[    2.774049] pci 0000:00:01.0: Activating ISA DMA hang workarounds
[    2.798789] pci 0000:00:02.0: Video device with shadowed ROM at [mem 0x000c0000-0x000dffff]
[    2.829625] Unpacking initramfs...
[    3.856044] Freeing initrd memory: 19528K
[    4.494673] clocksource: tsc: mask: 0xffffffffffffffff max_cycles: 0x2cd5a8bb032, max_idle_ns: 440795365915 ns
[    4.536676] platform rtc_cmos: registered platform RTC device (no PNP device found)
[    4.568029] Scanning for low memory corruption every 60 seconds
[    4.599549] Initialise system trusted keyrings
[    4.619996] Key type blacklist registered
[    4.641745] workingset: timestamp_bits=36 max_order=18 bucket_order=0
[    4.680333] zbud: loaded
[    4.701159] squashfs: version 4.0 (2009/01/31) Phillip Lougher
[    4.730598] fuse init (API version 7.26)
[    4.853070] Key type asymmetric registered
[    4.871737] Asymmetric key parser 'x509' registered
[    4.893048] Block layer SCSI generic (bsg) driver version 0.4 loaded (major 246)
[    4.925676] io scheduler noop registered
[    4.943874] io scheduler deadline registered
[    4.963770] io scheduler cfq registered (default)
[    4.987386] ACPI: AC Adapter [AC] (on-line)
[    5.003847] input: Power Button as /devices/LNXSYSTM:00/LNXPWRBN:00/input/input0
[    5.030632] ACPI: Power Button [PWRF]
[    5.046737] input: Sleep Button as /devices/LNXSYSTM:00/LNXSLPBN:00/input/input1
[    5.075275] ACPI: Sleep Button [SLPF]
[    5.097838] Serial: 8250/16550 driver, 32 ports, IRQ sharing enabled
[    5.098199] ACPI: Battery Slot [BAT0] (battery present)
[    5.203839] 00:02: ttyS0 at I/O 0x3f8 (irq = 4, base_baud = 115200) is a 16550A
[    5.241949] Linux agpgart interface v0.103
[    5.294108] loop: module loaded
[    5.321744] scsi host0: ata_piix
[    5.339646] scsi host1: ata_piix
[    5.355997] ata1: PATA max UDMA/33 cmd 0x1f0 ctl 0x3f6 bmdma 0xd000 irq 14
[    5.383258] ata2: PATA max UDMA/33 cmd 0x170 ctl 0x376 bmdma 0xd008 irq 15
[    5.411316] tun: Universal TUN/TAP device driver, 1.6
[    5.439637] PPP generic driver version 2.4.2
[    5.459836] ehci_hcd: USB 2.0 'Enhanced' Host Controller (EHCI) Driver
[    5.484732] ehci-pci: EHCI PCI platform driver
[    5.503073] ehci-platform: EHCI generic platform driver
[    5.524514] ohci_hcd: USB 1.1 'Open' Host Controller (OHCI) Driver
[    5.548121] ohci-pci: OHCI PCI platform driver
[    5.565454] ohci-platform: OHCI generic platform driver
[    5.585775] uhci_hcd: USB Universal Host Controller Interface driver
[    5.610875] i8042: PNP: PS/2 Controller [PNP0303:PS2K,PNP0f03:PS2M] at 0x60,0x64 irq 1,12
[    5.683200] serio: i8042 KBD port at 0x60,0x64 irq 1
[    5.705644] serio: i8042 AUX port at 0x60,0x64 irq 12
[    5.728015] mousedev: PS/2 mouse device common for all mice
[    5.757416] input: AT Translated Set 2 keyboard as /devices/platform/i8042/serio0/input/input2
[    5.803147] rtc_cmos rtc_cmos: rtc core: registered rtc_cmos as rtc0
[    5.828991] rtc_cmos rtc_cmos: alarms up to one day, 114 bytes nvram
[    5.831361] i2c /dev entries driver
[    5.831361] device-mapper: uevent: version 1.0.3
[    5.889560] device-mapper: ioctl: 4.37.0-ioctl (2017-09-20) initialised: dm-devel@redhat.com
[    5.924127] ledtrig-cpu: registered to indicate activity on CPUs
[    5.964815] NET: Registered protocol family 10
[    6.023567] Segment Routing with IPv6
[    6.039020] NET: Registered protocol family 17
[    6.058088] Key type dns_resolver registered
[    6.078017] mce: Using 0 MCE banks
[    6.089739] RAS: Correctable Errors collector initialized.
[    6.111760] sched_clock: Marking stable (6111254451, 0)->(9247265120, -3136010669)
[    6.160893] registered taskstats version 1
[    6.176768] Loading compiled-in X.509 certificates
[    6.208988] Loaded X.509 cert 'Build time autogenerated kernel key: b5b26778eaa3ab3a4a6cee031137706e947d12ad'
[    6.240344] Loaded X.509 cert 'Canonical Ltd. Live Patch Signing: 14df34d1a87cf37625abec039ef2bf521249b969'
[    6.275495] Loaded X.509 cert 'Canonical Ltd. Kernel Module Signing: 88f752e560a1e0737e31163a466ad7b70a850c19'
[    6.312365] blacklist: Loading compiled-in revocation X.509 certificates
[    6.337498] Loaded X.509 cert 'Canonical Ltd. Secure Boot Signing: 61482aa2830d0ab2ad5af10b7250da9033ddcef0'
[    6.374040] Loaded X.509 cert 'Canonical Ltd. Secure Boot Signing (2017): 242ade75ac4a15e50d50c84b0d45ff3eae707a03'
[    6.414179] Loaded X.509 cert 'Canonical Ltd. Secure Boot Signing (ESM 2018): 365188c1d374d6b07c3c8f240f8ef722433d6a8b'
[    6.455436] Loaded X.509 cert 'Canonical Ltd. Secure Boot Signing (2019): c0746fd6c5da3ae827864651ad66ae47fe24b3e8'
[    6.494798] Loaded X.509 cert 'Canonical Ltd. Secure Boot Signing (2021 v1): a8d54bbb3825cfb94fa13c9f8a594a195c107b8d'
[    6.534246] Loaded X.509 cert 'Canonical Ltd. Secure Boot Signing (2021 v2): 4cf046892d6fd3c9a5b03f98d845f90851dc6a8c'
[    6.574088] Loaded X.509 cert 'Canonical Ltd. Secure Boot Signing (2021 v3): 100437bb6de6e469b581e61cd66bce3ef4ed53af'
[    6.614875] Loaded X.509 cert 'Canonical Ltd. Secure Boot Signing (Ubuntu Core 2019): c1d57b8f6b743f23ee41f4f7ee292f06eecadfb9'
[    6.657263] zswap: loaded using pool lzo/zbud
[    6.723819] Key type big_key registered
[    6.740981] Key type trusted registered
[    6.779174] Key type encrypted registered
[    6.795099] AppArmor: AppArmor sha1 policy hashing enabled
[    6.815408] ima: No TPM chip found, activating TPM-bypass! (rc=-19)
[    6.837820] ima: Allocated hash algorithm: sha1
[    6.855427] evm: HMAC attrs: 0x1
[    6.871647]   Magic number: 4:763:956
[    6.887411] pci 0000:00:04.0: hash matches
[    6.906993] rtc_cmos rtc_cmos: setting system clock to 2024-08-07 22:54:44 UTC (1723071284)
[    6.942356] BIOS EDD facility v0.16 2004-Jun-25, 0 devices found
[    6.966159] EDD information not available.
[    6.998700] Freeing unused kernel image memory: 2480K
[    7.044811] Write protecting the kernel read-only data: 20480k
[    7.074470] Freeing unused kernel image memory: 2008K
[    7.097511] Freeing unused kernel image memory: 1820K
[    7.131035] x86/mm: Checked W+X mappings: passed, no W+X pages found.
Loading, please wait...
starting version 237
[    7.471562] e1000: Intel(R) PRO/1000 Network Driver - version 7.3.21-k8-NAPI
[    7.500443] e1000: Copyright (c) 1999-2006 Intel Corporation.
[    7.530297] Fusion MPT base driver 3.04.20
[    7.548738] Copyright (c) 1999-2008 LSI Corporation
[    7.794816] Fusion MPT SPI Host driver 3.04.20
[    7.835058] SSE version of gcm_enc/dec engaged.
[    7.988239] input: ImExPS/2 Generic Explorer Mouse as /devices/platform/i8042/serio1/input/input4
[    9.620362] e1000 0000:00:03.0 eth0: (PCI:33MHz:32-bit) 02:3b:7b:b7:3b:2d
[    9.646132] e1000 0000:00:03.0 eth0: Intel(R) PRO/1000 Network Connection
[   11.577273] e1000 0000:00:08.0 eth1: (PCI:33MHz:32-bit) 08:00:27:5a:31:15
[   11.601906] e1000 0000:00:08.0 eth1: Intel(R) PRO/1000 Network Connection
[   11.637234] e1000 0000:00:03.0 enp0s3: renamed from eth0
[   11.656691] mptbase: ioc0: Initiating bringup
[   12.699469] e1000 0000:00:08.0 enp0s8: renamed from eth1
[   12.815287] ioc0: LSI53C1030 A0: Capabilities={Initiator}
[   13.131211] scsi host2: ioc0: LSI53C1030 A0, FwRev=00000000h, Ports=1, MaxQ=256, IRQ=20
[   13.337968] scsi 2:0:0:0: Direct-Access     VBOX     HARDDISK         1.0  PQ: 0 ANSI: 5
[   13.404970] scsi target2:0:0: Beginning Domain Validation
[   13.462211] scsi target2:0:0: Domain Validation skipping write tests
[   13.488628] scsi target2:0:0: Ending Domain Validation
[   13.511217] scsi target2:0:0: asynchronous
[   13.538611] scsi 2:0:1:0: Direct-Access     VBOX     HARDDISK         1.0  PQ: 0 ANSI: 5
[   13.602175] scsi target2:0:1: Beginning Domain Validation
[   13.654286] scsi target2:0:1: Domain Validation skipping write tests
[   13.678760] scsi target2:0:1: Ending Domain Validation
[   13.700482] scsi target2:0:1: asynchronous
[   13.763979] sd 2:0:0:0: Attached scsi generic sg0 type 0
[   13.767308] sd 2:0:0:0: [sda] 83886080 512-byte logical blocks: (42.9 GB/40.0 GiB)
[   13.784801] sd 2:0:1:0: Attached scsi generic sg1 type 0
[   13.818577] sd 2:0:0:0: [sda] Write Protect is off
[   13.857673] sd 2:0:0:0: [sda] Incomplete mode parameter data
[   13.858524] sd 2:0:1:0: [sdb] 20480 512-byte logical blocks: (10.5 MB/10.0 MiB)
[   13.879128] sd 2:0:0:0: [sda] Assuming drive cache: write through
[   13.935666] sd 2:0:1:0: [sdb] Write Protect is off
[   13.958116] sd 2:0:1:0: [sdb] Incomplete mode parameter data
[   13.981514] sd 2:0:1:0: [sdb] Assuming drive cache: write through
[   14.018566]  sda: sda1
[   14.046523] sd 2:0:0:0: [sda] Attached SCSI disk
[   14.047069] sd 2:0:1:0: [sdb] Attached SCSI disk
Begin: Loading essential drivers ... [   18.776466] raid6: sse2x1   gen()  4621 MB/s
[   18.841235] raid6: sse2x1   xor()  2196 MB/s
[   18.904397] raid6: sse2x2   gen()  5093 MB/s
[   18.968678] raid6: sse2x2   xor()  3600 MB/s
[   19.032631] raid6: sse2x4   gen()  5980 MB/s
[   19.096475] raid6: sse2x4   xor()  3536 MB/s
[   19.113110] raid6: using algorithm sse2x4 gen() 5980 MB/s
[   19.134620] raid6: .... xor() 3536 MB/s, rmw enabled
[   19.154585] raid6: using ssse3x2 recovery algorithm
[   19.185801] xor: measuring software checksum speed
[   19.703351]    prefetch64-sse: 654911.000 MB/sec
[   20.716433]    generic_sse: 13719.000 MB/sec
[   20.734816] xor: using function: prefetch64-sse (654911.000 MB/sec)
[   20.769637] async_tx: api initialized (async)
done.
Begin: Running /scripts/init-premount ... done.
Begin: Mounting root file system ... Begin: Running /scripts/local-top ... done.
Begin: Running /scripts/local-premount ... [   21.004453] Btrfs loaded, crc32c=crc32c-intel
Scanning for Btrfs filesystems
done.
Warning: fsck not present, so skipping root file system
[   21.220516] EXT4-fs (sda1): mounted filesystem with ordered data mode. Opts: (null)
done.
Begin: Running /scripts/local-bottom ... done.
Begin: Running /scripts/init-bottom ... done.
[   21.942126] ip_tables: (C) 2000-2006 Netfilter Core Team
[   22.019090] systemd[1]: systemd 237 running in system mode. (+PAM +AUDIT +SELINUX +IMA +APPARMOR +SMACK +SYSVINIT +UTMP +LIBCRYPTSETUP +GCRYPT +GNUTLS +ACL +XZ +LZ4 +SECCOMP +BLKID +ELFUTILS +KMOD -IDN2 +IDN -PCRE2 default-hierarchy=hybrid)
[   22.073752] systemd[1]: Detected virtualization oracle.
[   22.085210] systemd[1]: Detected architecture x86-64.

Welcome to [1mUbuntu 18.04.6 LTS[0m!

[   22.190211] systemd[1]: Set hostname to <ubuntu>.
[   22.213587] systemd[1]: Initializing machine ID from random generator.
[   22.237471] systemd[1]: Installed transient /etc/machine-id file.
[   23.347078] systemd[1]: Created slice User and Session Slice.
[[0;32m  OK  [0m] Created slice User and Session Slice.
[   23.379741] systemd[1]: Set up automount Arbitrary Executable File Formats File System Automount Point.
[[0;32m  OK  [0m] Set up automount Arbitrary Executab…rmats File System Automount Point.
[   23.426334] systemd[1]: Reached target User and Group Name Lookups.
[[0;32m  OK  [0m] Reached target User and Group Name Lookups.
[   23.458232] systemd[1]: Started Forward Password Requests to Wall Directory Watch.
[[0;32m  OK  [0m] Started Forward Password Requests to Wall Directory Watch.
[[0;32m  OK  [0m] Created slice System Slice.
[[0;32m  OK  [0m] Listening on Syslog Socket.
[[0;32m  OK  [0m] Reached target Slices.
[[0;32m  OK  [0m] Listening on Journal Socket (/dev/log).
[[0;32m  OK  [0m] Listening on /dev/initctl Compatibility Named Pipe.
[[0;32m  OK  [0m] Listening on LVM2 poll daemon socket.
[[0;32m  OK  [0m] Listening on udev Control Socket.
[[0;32m  OK  [0m] Listening on Journal Socket.
         Mounting POSIX Message Queue File System...
         Starting Set the console keyboard layout...
         Starting Uncomplicated firewall...
         Starting Load Kernel Modules...
         Mounting Kernel Debug File System...
[[0;32m  OK  [0m] Listening on Network Service Netlink Socket.
[[0;32m  OK  [0m] Reached target System Time Synchronized.
[[0;32m  OK  [0m] Listening on Journal Audit Socket.
[[0;32m  OK  [0m] Reached target Swap.
[[0;32m  OK  [0m] Listening on udev Kernel Socket.
         Starting udev Coldplug all Devices...
         Mounting Huge Pages File System...
[[0;32m  OK  [0m] Listening on Device-mapper event daemon FIFOs.[   23.730253] Loading iSCSI transport class v2.0-870.

[[0;32m  OK  [0m] Created slice system-serial\x2dgetty.slice.
         Starting Journal Service...
[[0;32m  OK  [0m] Reached target Mounting snaps.
[[0;32m  OK  [0m] Reached target Mounted snaps.
         [   23.897524] iscsi: registered transport (tcp)
Starting Create list of required st…ce nodes for the current kernel...
[[0;32m  OK  [0m] Listening on LVM2 metadata daemon socket.
         Starting Monitoring of LVM2 mirrors…ng dmeventd or progress polling...
[[0;32m  OK  [0m] Listening on fsck to fsckd communication Socket.
         Starting File System Check on Root Device...
[[0;32m  OK  [0m] Mounted POSIX Message Queue File System.
[[0;32m  OK  [0m] Started Uncomplicated firewall.
[[0;32m  OK  [0m] Mounted Kernel Debug File System.
[[0;32m  OK  [0m] Mounted Huge Pages File System.
[[0;32m  OK  [0m] Started Create list of required sta…vice nodes for the current kernel.
[[0;32m  OK  [0m] Started LVM2 metadata daemon.
[[0;32m  OK  [0m] Started File System Check Daemon to report status.
         Starting Create Static Device Nodes in /dev...
[[0;32m  OK  [0m] Started Journal Service.
[[0;32m  OK  [0m] Started Monitoring of LVM2 mirrors,…sing dmeventd or progress polling.
[[0;32m  OK  [0m] Started udev Coldplug all Devices.
[[0;32m  OK  [0m] Started File System Check on Root Device.
         Starting Remount Root and Kernel File Systems...
[[0;32m  OK  [0m] Started Create Static Device Nodes in /dev.
[   24.591260] iscsi: registered transport (iser)
[   24.605677] EXT4-fs (sda1): re-mounted. Opts: (null)
[[0;32m  OK  [0m] Started Load Kernel Modules.
[[0;32m  OK  [0m] Started Remount Root and Kernel File Systems.
         Starting Load/Save Random Seed...
         Starting udev Kernel Device Manager...
         Starting Flush Journal to Persistent Storage...
         Starting Apply Kernel Variables...
         Mounting Kernel Configuration File System...
         Mounting FUSE Control File System...
[[0;32m  OK  [0m] Started Load/Save Random Seed.
[   24.774474] systemd-journald[414]: Received request to flush runtime journal from PID 1
[[0;32m  OK  [0m] Mounted FUSE Control File System.
[[0;32m  OK  [0m] Mounted Kernel Configuration File System.
[[0;32m  OK  [0m] Started udev Kernel Device Manager.
[[0;32m  OK  [0m] Started Apply Kernel Variables.
[[0;32m  OK  [0m] Started Flush Journal to Persistent Storage.
[[0;32m  OK  [0m] Found device /dev/ttyS0.
[[0;32m  OK  [0m] Listening on Load/Save RF Kill Switch Status /dev/rfkill Watch.
[[0;32m  OK  [0m] Started Set the console keyboard layout.
[[0;32m  OK  [0m] Started Dispatch Password Requests to Console Directory Watch.
[[0;32m  OK  [0m] Reached target Local Encrypted Volumes.
[[0;32m  OK  [0m] Reached target Local File Systems (Pre).
[[0;32m  OK  [0m] Reached target Local File Systems.
         Starting ebtables ruleset management...
         Starting Tell Plymouth To Write Out Runtime Data...
         Starting Set console font and keymap...
         Starting AppArmor initialization...
         Starting Create Volatile Files and Directories...
         Starting Commit a transient machine-id on disk...
[[0;32m  OK  [0m] Started Tell Plymouth To Write Out Runtime Data.
[[0;32m  OK  [0m] Started Create Volatile Files and Directories.
         Starting Update UTMP about System Boot/Shutdown...
[[0;32m  OK  [0m] Started Commit a transient machine-id on disk.
[[0;32m  OK  [0m] Started Update UTMP about System Boot/Shutdown.
[[0;32m  OK  [0m] Started ebtables ruleset management.
         Mounting Arbitrary Executable File Formats File System...
[[0;32m  OK  [0m] Mounted Arbitrary Executable File Formats File System.
[[0;32m  OK  [0m] Started AppArmor initialization.
         Starting Load AppArmor profiles managed internally by snapd...
         Starting Initial cloud-init job (pre-networking)...
[[0;32m  OK  [0m] Started Load AppArmor profiles managed internally by snapd.
[[0;32m  OK  [0m] Started Set console font and keymap.
[   36.671967] cloud-init[775]: Cloud-init v. 23.1.2-0ubuntu0~18.04.1 running 'init-local' at Wed, 07 Aug 2024 22:55:13 +0000. Up 35.53 seconds.
[[0;32m  OK  [0m] Started Initial cloud-init job (pre-networking).
[[0;32m  OK  [0m] Reached target Network (Pre).
         Starting Network Service...
[[0;32m  OK  [0m] Started Network Service.
         Starting Wait for Network to be Configured...
         Starting Network Name Resolution...
[[0;32m  OK  [0m] Started Network Name Resolution.
[[0;32m  OK  [0m] Reached target Host and Network Name Lookups.
[[0;32m  OK  [0m] Reached target Network.
[[0;32m  OK  [0m] Started Wait for Network to be Configured.
         Starting Initial cloud-init job (metadata service crawler)...
[   40.598447] cloud-init[910]: Cloud-init v. 23.1.2-0ubuntu0~18.04.1 running 'init' at Wed, 07 Aug 2024 22:55:17 +0000. Up 40.20 seconds.
[   40.615968] cloud-init[910]: ci-info: ++++++++++++++++++++++++++++++++++++++Net device info+++++++++++++++++++++++++++++++++++++++
[   40.634758] cloud-init[910]: ci-info: +--------+-------+----------------------------+---------------+--------+-------------------+
[   40.661622] cloud-init[910]: ci-info: | Device |   Up  |          Address           |      Mask     | Scope  |     Hw-Address    |
[   40.689414] cloud-init[910]: ci-info: +--------+-------+----------------------------+---------------+--------+-------------------+
[   40.718089] cloud-init[910]: ci-info: | enp0s3 |  True |         10.0.2.15          | 255.255.255.0 | global | 02:3b:7b:b7:3b:2d |
[   40.745823] cloud-init[910]: ci-info: | enp0s3 |  True | fe80::3b:7bff:feb7:3b2d/64 |       .       |  link  | 02:3b:7b:b7:3b:2d |
[   40.770980] cloud-init[910]: ci-info: | enp0s8 | False |             .              |       .       |   .    | 08:00:27:5a:31:15 |
[   40.798959] cloud-init[910]: ci-info: |   lo   |  True |         127.0.0.1          |   255.0.0.0   |  host  |         .         |
[   40.824986] cloud-init[910]: ci-info: |   lo   |  True |          ::1/128           |       .       |  host  |         .         |
[   40.850169] cloud-init[910]: ci-info: +--------+-------+----------------------------+---------------+--------+-------------------+
[   40.878686] cloud-init[910]: ci-info: ++++++++++++++++++++++++++++Route IPv4 info+++++++++++++++++++++++++++++
[   40.902522] cloud-init[910]: ci-info: +-------+-------------+----------+-----------------+-----------+-------+
[   40.927435] cloud-init[910]: ci-info: | Route | Destination | Gateway  |     Genmask     | Interface | Flags |
[   40.953195] cloud-init[910]: ci-info: +-------+-------------+----------+-----------------+-----------+-------+
[   40.977393] cloud-init[910]: ci-info: |   0   |   0.0.0.0   | 10.0.2.2 |     0.0.0.0     |   enp0s3  |   UG  |
[   41.043602] cloud-init[910]: ci-info: |   1   |   10.0.2.0  | 0.0.0.0  |  255.255.255.0  |   enp0s3  |   U   |
[   41.083223] cloud-init[910]: ci-info: |   2   |   10.0.2.2  | 0.0.0.0  | 255.255.255.255 |   enp0s3  |   UH  |
[   41.110100] cloud-init[910]: ci-info: +-------+-------------+----------+-----------------+-----------+-------+
[   41.150599] cloud-init[910]: ci-info: +++++++++++++++++++Route IPv6 info+++++++++++++++++++
[   41.179377] cloud-init[910]: ci-info: +-------+-------------+---------+-----------+-------+
[   41.206403] cloud-init[910]: ci-info: | Route | Destination | Gateway | Interface | Flags |
[   41.225922] cloud-init[910]: ci-info: +-------+-------------+---------+-----------+-------+
[   41.248194] cloud-init[910]: ci-info: |   1   |  fe80::/64  |    ::   |   enp0s3  |   U   |
[   41.273278] cloud-init[910]: ci-info: |   3   |    local    |    ::   |   enp0s3  |   U   |
[   41.295747] cloud-init[910]: ci-info: |   4   |   ff00::/8  |    ::   |   enp0s3  |   U   |
[   41.317961] cloud-init[910]: ci-info: +-------+-------------+---------+-----------+-------+
[   43.363635] cloud-init[910]: Generating public/private rsa key pair.
[   43.383381] cloud-init[910]: Your identification has been saved in /etc/ssh/ssh_host_rsa_key.
[   43.411913] cloud-init[910]: Your public key has been saved in /etc/ssh/ssh_host_rsa_key.pub.
[   43.428778] cloud-init[910]: The key fingerprint is:
[   43.447472] cloud-init[910]: [[0;32m  OK  [0m] Started Initial cloud-init job (metadata service crawler).
[[0;32m  OK  [0m] Reached target Cloud-config availability.
[[0;32m  OK  [0m] Reached target Network is Online.
         Starting Availability of block devices...
[[0;32m  OK  [0m] Reached target Remote File Systems (Pre).
[[0;32m  OK  [0m] Reached target Remote File Systems.
[[0;32m  OK  [0m] Reached target System Initialization.
[[0;32m  OK  [0m] Started Discard unused blocks once a week.
[[0;32m  OK  [0m] Started Ubuntu Advantage Timer for running repeated jobs.
[[0;32m  OK  [0m] Listening on cloud-init hotplug hook socket.
[[0;32m  OK  [0m] Started Daily apt download activities.
[[0;32m  OK  [0m] Started Daily Cleanup of Temporary Directories.
         Starting LXD - unix socket.
         Starting Socket activation for snappy daemon.
[[0;32m  OK  [0m] Listening on UUID daemon activation socket.
[[0;32m  OK  [0m] Started Message of the Day.
[[0;32m  OK  [0m] Started Daily apt upgrade and clean activities.
[[0;32m  OK  [0m] Listening on Open-iSCSI iscsid Socket.
[[0;32m  OK  [0m] Listening on ACPID Listen Socket.
[[0;32m  OK  [0m] Started ACPI Events Check.
[[0;32m  OK  [0m] Reached target Paths.
[[0;32m  OK  [0m] Reached target Timers.
[[0;32m  OK  [0m] Listening on D-Bus System Message Bus Socket.
[[0;32m  OK  [0m] Started Availability of block devices.
[[0;32m  OK  [0m] Listening on LXD - unix socket.
SHA256:0nDjG9mLZ/MLzkEGhdUcnk73LPd4ZPrC2+cVV1dAF/w root@ubuntu-bionic
[   43.621582] cloud-init[910]: The key's randomart image is:
[   43.630966] cloud-init[[0;32m  OK  [0m] Listening on Socket activation for snappy daemon.
[[0;32m  OK  [0m] Reached target Sockets.
[[0;32m  OK  [0m] Reached target Basic System.
         Starting System Logging Service...
         Starting Accounts Service...
         Starting Pollinate to seed the pseudo random number generator...
         Starting Dispatcher daemon for systemd-networkd...
[[0;32m  OK  [0m] Started Regular background program processing daemon.
[910]: +---[RSA 2048]----+
[   43.704971] cloud-init[910]: |         ooo.o+o+|
         Starting Login Service...
[   43.738421] cloud-init[910]: |        .. .o. o.|
[   43.756500] cloud-init[910]: |      . +   + . +|
[[0;32m  OK  [0m] Started D-Bus System Message Bus.
[   43.766916] cloud-init[910]: |       = = o . oE|
[   43.804639] cloud-init[910]: |      . S + . ..B|
[   43.819548] cloud-init[910]: |       . * .   B+|
[   43.826695] cloud-init[910]: |        o B  .o +|
[   43.834608] cloud-init[910]: |         = =  o+o|
[   43.841531] cloud-init[910]: |          o o..+=|
[   43.847710] cloud-init[910]: +----[SHA256]-----+
[   43.854826] cloud-init[910]: Generating public/private dsa key pair.
[   43.862238] cloud-init[910]: Your identification has been saved in /etc/ssh/ssh_host_dsa_key.
[   43.897503] cloud-init[910]: Your public key has been saved in /etc/ssh/ssh_host_dsa_key.pub.
[   43.926340] cloud-init[910]: The key fingerprint is:
[   43.936545] cloud-init[910]: SHA256:pkIuNWcL8fT/1+Z/kvhwFyXXb+hLyg3RYIlt0kceWS0 root@ubuntu-bionic
[   43.951401] cloud-init[910]: The key's randomart image is:
[   43.963146] cloud-init[910]: +---[DSA 1024]----+
[   43.970517] cloud-init[910]: |              ooo|
[   43.977874] cloud-init[910]: |           + +E.o|
[   43.985855] cloud-init[910]: |    . .   o B +.+|
[   43.993049] cloud-init[910]: |     + .   + + +o|
[   44.000082] cloud-init[910]: |    = + S   . o.o|
[   44.009401] cloud-init[910]: |   + = + .   o ..|
[   44.017436] cloud-init[910]: |  . o o   . o.+o.|
[   44.025321] cloud-init[910]: |   . .     o.B+o+|
[   44.032708] cloud-init[910]: |            +o++=|
[   44.039804] cloud-init[910]: +----[SHA256]-----+
[   44.049268] cloud-init[910]: Generating public/private ecdsa key pair.
[   44.059023] cloud-init[910]: Your identification has been saved in /etc/ssh/ssh_host_ecdsa_key.
[   44.073249] cloud-init[910]: Your public key has been saved in /etc/ssh/ssh_host_ecdsa_key.pub.
[   44.086497] cloud-init[910]: The key fingerprint is:
[   44.094922] cloud-init[910]: SHA256:X68nbMYVh2AeE5u9X2RyPm9PKBswk8y0OYKkkbi24Wk root@ubuntu-bionic
[   44.108929] cloud-init[910]: The key's randomart image is:
[   44.118544] cloud-init[910]: +---[ECDSA 256]---+
[   44.148207] cloud-init[910]: |            ..   |
[   44.177546] cloud-init[910]: |   . .      =+   |
[   44.189788] cloud-init[910]: |  . o .   .oo+o.+|
[   44.208700] cloud-init[910]: |   . + . + +. oB.|
[   44.216899] cloud-init[910]: |  + . . S @ . .+o|
[   44.234652] cloud-init[910]: | o +     o * ..o+|
[   44.255686] cloud-init[910]: |  E       .oo.o =|
[   44.267936] cloud-init[910]: | .          *=.o.|
[   44.281532] cloud-init[910]: |           ooo  .|
[   44.297753] cloud-init[910]: +----[SHA256]-----+
[[0;32m  OK  [0m] Started FUSE filesystem for LXC.
         Starting LSB: Record successful boot for GRUB...
         Starting Permit User Sessions...
[   44.357576]          Starting Virtualbox guest utils...
         Starting LSB: automatic crash report generation...
cloud-init[910]: Generating public/private ed25519 key pair.[[0;32m  OK  [0m] Started irqbalance daemon.
[[0;32m  OK  [0m] Reached target Login Prompts (Pre).
         Starting LXD - container startup/shutdown...
[[0;32m  OK  [0m] Started Deferred execution scheduler.
         Starting Snap Daemon...
[[0;32m  OK  [0m] Started System Logging Service.
[[0;32m  OK  [0m] Started Permit User Sessions.

[[0;32m  OK  [0m] Started Login Service.
[[0;32m  OK  [0m] Started Unattended Upgrades Shutdown.
[   44.458112]          Starting Hold until boot process finishes up...
         Starting Terminate Plymouth Boot Screen...
cloud-init[[0;32m  OK  [0m] Started Terminate Plymouth Boot Screen.
[[0;32m  OK  [0m] Started Hold until boot process finishes up.
[[0;32m  OK  [0m] Started Serial Getty on ttyS0.
[910]: Your identification has been saved in /etc/ssh/ssh_host_ed25519_key.         Starting Set console scheme...

[   44.536457] cloud-init[910]: Your public key has been saved in /etc/ssh/ssh_host_ed25519_key.pub.
[   44.582089] cloud-init[910]: The key fingerprint is:
[   44.618385] cloud-init[910]: SHA256:qoXeGKL9+kC4BlUxIbPC2t1X0HUVakEnV7OVZUbILag root@ubuntu-bionic
[   44.642723] cloud-init[910]: The key's randomart image is:
[   44.653500]          Starting Authorization Manager...
cloud-init[910]: +--[ED25519 256]--+
[   44.720564] cloud-init[910]: |  o =o  .. .o*.X&|
[   44.762298] [[0;32m  OK  [0m] Started Set console scheme.
[[0;32m  OK  [0m] Created slice system-getty.slice.
[[0;32m  OK  [0m] Started Getty on tty1.
[[0;32m  OK  [0m] Reached target Login Prompts.
cloud-init[910]: |.  = .   .. ..X+=|
[   44.819349] cloud-init[910]: |..o       .. o o |
[   44.827189] cloud-init[910]: |.= . .   .E .    |
[   44.835286] cloud-init[910]: |+ o . . S        |
[   44.842800] cloud-init[910]: |.o   . o         |
[   44.850131] cloud-init[910]: |..o o o          |
[   44.857044] cloud-init[910]: |.o + *           |
[   44.865255] cloud-init[910]: |. o+* .          |
[   44.870176] cloud-init[910]: +----[SHA256]-----+
[[0;32m  OK  [0m] Started LSB: automatic crash report generation.
[[0;32m  OK  [0m] Started Authorization Manager.
[[0;32m  OK  [0m] Started Accounts Service.
[[0;32m  OK  [0m] Started LSB: Record successful boot for GRUB.
[[0;32m  OK  [0m] Started Virtualbox guest utils.
[[0;32m  OK  [0m] Started Dispatcher daemon for systemd-networkd.
[[0;32m  OK  [0m] Started LXD - container startup/shutdown.
[[0;32m  OK  [0m] Started Pollinate to seed the pseudo random number generator.
         Starting OpenBSD Secure Shell server...
[[0;32m  OK  [0m] Started OpenBSD Secure Shell server.
[[0;32m  OK  [0m] Created slice User Slice of vagrant.
         Starting User Manager for UID 1000...
[[0;32m  OK  [0m] Started Session 1 of user vagrant.
[[0;32m  OK  [0m] Started Snap Daemon.
         Starting Wait until snapd is fully seeded...
[[0;32m  OK  [0m] Started User Manager for UID 1000.

Ubuntu 18.04.6 LTS ubuntu-bionic ttyS0

ubuntu-bionic login: [   59.922851] cloud-init[1560]: Cloud-init v. 23.1.2-0ubuntu0~18.04.1 running 'modules:config' at Wed, 07 Aug 2024 22:55:35 +0000. Up 58.27 seconds.
ci-info: no authorized SSH keys fingerprints found for user ubuntu.
<14>Aug  7 22:55:39 cloud-init: #############################################################
<14>Aug  7 22:55:39 cloud-init: -----BEGIN SSH HOST KEY FINGERPRINTS-----
<14>Aug  7 22:55:39 cloud-init: 1024 SHA256:pkIuNWcL8fT/1+Z/kvhwFyXXb+hLyg3RYIlt0kceWS0 root@ubuntu-bionic (DSA)
<14>Aug  7 22:55:39 cloud-init: 256 SHA256:X68nbMYVh2AeE5u9X2RyPm9PKBswk8y0OYKkkbi24Wk root@ubuntu-bionic (ECDSA)
<14>Aug  7 22:55:39 cloud-init: 256 SHA256:qoXeGKL9+kC4BlUxIbPC2t1X0HUVakEnV7OVZUbILag root@ubuntu-bionic (ED25519)
<14>Aug  7 22:55:39 cloud-init: 2048 SHA256:0nDjG9mLZ/MLzkEGhdUcnk73LPd4ZPrC2+cVV1dAF/w root@ubuntu-bionic (RSA)
<14>Aug  7 22:55:39 cloud-init: -----END SSH HOST KEY FINGERPRINTS-----
<14>Aug  7 22:55:39 cloud-init: #############################################################
-----BEGIN SSH HOST KEY KEYS-----
ecdsa-sha2-nistp256 AAAAE2VjZHNhLXNoYTItbmlzdHAyNTYAAAAIbmlzdHAyNTYAAABBBFJuRmKfIRGZWjbg2ycUO9lBGShaaQXYVBvs1JfK9Z1JnCCuGe28zxC4NWCTtnrLvH7edtjWFnj0F7k0t14AGys= root@ubuntu-bionic
ssh-ed25519 AAAAC3NzaC1lZDI1NTE5AAAAIG8gilT8XVvv2gy8O95DGwPWkSPYKAJnmZKDjM5fwtaX root@ubuntu-bionic
ssh-rsa AAAAB3NzaC1yc2EAAAADAQABAAABAQC+vtj79gxTDK0wJ4uXJYLUhzqSW21QUUsZCYrPiZM48X7aI6/VofPrSqzA1ooRVAxE9Q7cFBnFP9WPPuGouDnPcwN45nT9p+E2RHSnOz0hMfIgwcHwN2E0dVogLZhUPa/+IUjACf0WL6Xhpue2SsG6YDjzFb5BTbcIesa03ZxdZHM2o1FSnAtcOm2E0vIhtraw8WLollCTGjoi45ZKDF5DgJJpJpwAjhSpD2dIY41HwhM0O7SeEmM/aEp9y5l3LC7DlVVrj+OITEG9INnwGAk4jYjEGPCJti+Mu+y7jInCiPFsnS4/59duXZyIQg/xHzotuaOHe1yfItIhEIZZKyLh root@ubuntu-bionic
-----END SSH HOST KEY KEYS-----
[   62.233481] cloud-init[1716]: Cloud-init v. 23.1.2-0ubuntu0~18.04.1 running 'modules:final' at Wed, 07 Aug 2024 22:55:38 +0000. Up 61.26 seconds.
[   62.321122] cloud-init[1716]: Cloud-init v. 23.1.2-0ubuntu0~18.04.1 finished at Wed, 07 Aug 2024 22:55:39 +0000. Datasource DataSourceNoCloud [seed=/dev/sdb][dsmode=net].  Up 62.21 seconds
